# JRE version: OpenJDK Runtime Environment Temurin-21.0.8+9 (21.0.8+9) (build 21.0.8+9-LTS)
# Java VM: OpenJDK 64-Bit Server VM Temurin-21.0.8+9 (21.0.8+9-LTS, mixed mode, sharing, tiered, compressed oops, compressed class ptrs, parallel gc, windows-amd64)
GC Precious Log:
 CardTable entry size: 512
 CPUs: 20 total, 20 available
 Memory: 16147M
 Large Page Support: Disabled
 NUMA Support: Disabled
 Compressed Oops: Enabled (32-bit)
 Alignments: Space 512K, Generation 512K, Heap 2M
 Heap Min Capacity: 100M
 Heap Initial Capacity: 100M
 Heap Max Capacity: 2G
 Pre-touch: Disabled
 Parallel Workers: 15
Heap:
 PSYoungGen      total 7168K, used 5972K [0x00000000d5580000, 0x00000000d5e80000, 0x0000000100000000)
  eden space 5632K, 86% used [0x00000000d5580000,0x00000000d5a3d190,0x00000000d5b00000)
  from space 1536K, 72% used [0x00000000d5d00000,0x00000000d5e18000,0x00000000d5e80000)
  to   space 1536K, 0% used [0x00000000d5b80000,0x00000000d5b80000,0x00000000d5d00000)
 ParOldGen       total 1073664K, used 1073475K [0x0000000080000000, 0x00000000c1880000, 0x00000000d5580000)
  object space 1073664K, 99% used [0x0000000080000000,0x00000000c1850fc8,0x00000000c1880000)
 Metaspace       used 70931K, committed 72384K, reserved 1114112K
  class space    used 7495K, committed 8192K, reserved 1048576K
GC Heap History (20 events):
Event: 17.055 GC heap before
{Heap before GC invocations=1290 (full 3):
 PSYoungGen      total 6144K, used 6129K [0x00000000d5580000, 0x00000000d5d80000, 0x0000000100000000)
  eden space 5632K, 100% used [0x00000000d5580000,0x00000000d5b00000,0x00000000d5b00000)
  from space 512K, 97% used [0x00000000d5d00000,0x00000000d5d7c4e0,0x00000000d5d80000)
  to   space 1024K, 0% used [0x00000000d5b80000,0x00000000d5b80000,0x00000000d5c80000)
 ParOldGen       total 1070080K, used 1069648K [0x0000000080000000, 0x00000000c1500000, 0x00000000d5580000)
  object space 1070080K, 99% used [0x0000000080000000,0x00000000c1494110,0x00000000c1500000)
 Metaspace       used 70469K, committed 71936K, reserved 1114112K
  class space    used 7459K, committed 8128K, reserved 1048576K
}
Event: 17.056 GC heap after
{Heap after GC invocations=1290 (full 3):
 PSYoungGen      total 6656K, used 491K [0x00000000d5580000, 0x00000000d5d80000, 0x0000000100000000)
  eden space 5632K, 0% used [0x00000000d5580000,0x00000000d5580000,0x00000000d5b00000)
  from space 1024K, 48% used [0x00000000d5b80000,0x00000000d5bfafa8,0x00000000d5c80000)
  to   space 1024K, 0% used [0x00000000d5c80000,0x00000000d5c80000,0x00000000d5d80000)
 ParOldGen       total 1070080K, used 1070011K [0x0000000080000000, 0x00000000c1500000, 0x00000000d5580000)
  object space 1070080K, 99% used [0x0000000080000000,0x00000000c14eeef0,0x00000000c1500000)
 Metaspace       used 70469K, committed 71936K, reserved 1114112K
  class space    used 7459K, committed 8128K, reserved 1048576K
}
Event: 17.061 GC heap before
{Heap before GC invocations=1291 (full 3):
 PSYoungGen      total 6656K, used 6123K [0x00000000d5580000, 0x00000000d5d80000, 0x0000000100000000)
  eden space 5632K, 100% used [0x00000000d5580000,0x00000000d5b00000,0x00000000d5b00000)
  from space 1024K, 48% used [0x00000000d5b80000,0x00000000d5bfafa8,0x00000000d5c80000)
  to   space 1024K, 0% used [0x00000000d5c80000,0x00000000d5c80000,0x00000000d5d80000)
 ParOldGen       total 1070080K, used 1070011K [0x0000000080000000, 0x00000000c1500000, 0x00000000d5580000)
  object space 1070080K, 99% used [0x0000000080000000,0x00000000c14eeef0,0x00000000c1500000)
 Metaspace       used 70473K, committed 71936K, reserved 1114112K
  class space    used 7459K, committed 8128K, reserved 1048576K
}
Event: 17.062 GC heap after
{Heap after GC invocations=1291 (full 3):
 PSYoungGen      total 6656K, used 704K [0x00000000d5580000, 0x00000000d5d80000, 0x0000000100000000)
  eden space 5632K, 0% used [0x00000000d5580000,0x00000000d5580000,0x00000000d5b00000)
  from space 1024K, 68% used [0x00000000d5c80000,0x00000000d5d30000,0x00000000d5d80000)
  to   space 1024K, 0% used [0x00000000d5b80000,0x00000000d5b80000,0x00000000d5c80000)
 ParOldGen       total 1070592K, used 1070228K [0x0000000080000000, 0x00000000c1580000, 0x00000000d5580000)
  object space 1070592K, 99% used [0x0000000080000000,0x00000000c1525170,0x00000000c1580000)
 Metaspace       used 70473K, committed 71936K, reserved 1114112K
  class space    used 7459K, committed 8128K, reserved 1048576K
}
Event: 17.067 GC heap before
{Heap before GC invocations=1292 (full 3):
 PSYoungGen      total 6656K, used 6336K [0x00000000d5580000, 0x00000000d5d80000, 0x0000000100000000)
  eden space 5632K, 100% used [0x00000000d5580000,0x00000000d5b00000,0x00000000d5b00000)
  from space 1024K, 68% used [0x00000000d5c80000,0x00000000d5d30000,0x00000000d5d80000)
  to   space 1024K, 0% used [0x00000000d5b80000,0x00000000d5b80000,0x00000000d5c80000)
 ParOldGen       total 1070592K, used 1070228K [0x0000000080000000, 0x00000000c1580000, 0x00000000d5580000)
  object space 1070592K, 99% used [0x0000000080000000,0x00000000c1525170,0x00000000c1580000)
 Metaspace       used 70473K, committed 71936K, reserved 1114112K
  class space    used 7459K, committed 8128K, reserved 1048576K
}
Event: 17.068 GC heap after
{Heap after GC invocations=1292 (full 3):
 PSYoungGen      total 6656K, used 674K [0x00000000d5580000, 0x00000000d5d00000, 0x0000000100000000)
  eden space 5632K, 0% used [0x00000000d5580000,0x00000000d5580000,0x00000000d5b00000)
  from space 1024K, 65% used [0x00000000d5b80000,0x00000000d5c28ae8,0x00000000d5c80000)
  to   space 512K, 0% used [0x00000000d5c80000,0x00000000d5c80000,0x00000000d5d00000)
 ParOldGen       total 1070592K, used 1070484K [0x0000000080000000, 0x00000000c1580000, 0x00000000d5580000)
  object space 1070592K, 99% used [0x0000000080000000,0x00000000c1565170,0x00000000c1580000)
 Metaspace       used 70473K, committed 71936K, reserved 1114112K
  class space    used 7459K, committed 8128K, reserved 1048576K
}
Event: 17.074 GC heap before
{Heap before GC invocations=1293 (full 3):
 PSYoungGen      total 6656K, used 6306K [0x00000000d5580000, 0x00000000d5d00000, 0x0000000100000000)
  eden space 5632K, 100% used [0x00000000d5580000,0x00000000d5b00000,0x00000000d5b00000)
  from space 1024K, 65% used [0x00000000d5b80000,0x00000000d5c28ae8,0x00000000d5c80000)
  to   space 512K, 0% used [0x00000000d5c80000,0x00000000d5c80000,0x00000000d5d00000)
 ParOldGen       total 1070592K, used 1070484K [0x0000000080000000, 0x00000000c1580000, 0x00000000d5580000)
  object space 1070592K, 99% used [0x0000000080000000,0x00000000c1565170,0x00000000c1580000)
 Metaspace       used 70473K, committed 71936K, reserved 1114112K
  class space    used 7459K, committed 8128K, reserved 1048576K
}
Event: 17.075 GC heap after
{Heap after GC invocations=1293 (full 3):
 PSYoungGen      total 6144K, used 416K [0x00000000d5580000, 0x00000000d5d00000, 0x0000000100000000)
  eden space 5632K, 0% used [0x00000000d5580000,0x00000000d5580000,0x00000000d5b00000)
  from space 512K, 81% used [0x00000000d5c80000,0x00000000d5ce8000,0x00000000d5d00000)
  to   space 1024K, 0% used [0x00000000d5b00000,0x00000000d5b00000,0x00000000d5c00000)
 ParOldGen       total 1071104K, used 1070770K [0x0000000080000000, 0x00000000c1600000, 0x00000000d5580000)
  object space 1071104K, 99% used [0x0000000080000000,0x00000000c15ac9f0,0x00000000c1600000)
 Metaspace       used 70473K, committed 71936K, reserved 1114112K
  class space    used 7459K, committed 8128K, reserved 1048576K
}
Event: 17.083 GC heap before
{Heap before GC invocations=1294 (full 3):
 PSYoungGen      total 6144K, used 6048K [0x00000000d5580000, 0x00000000d5d00000, 0x0000000100000000)
  eden space 5632K, 100% used [0x00000000d5580000,0x00000000d5b00000,0x00000000d5b00000)
  from space 512K, 81% used [0x00000000d5c80000,0x00000000d5ce8000,0x00000000d5d00000)
  to   space 1024K, 0% used [0x00000000d5b00000,0x00000000d5b00000,0x00000000d5c00000)
 ParOldGen       total 1071104K, used 1070770K [0x0000000080000000, 0x00000000c1600000, 0x00000000d5580000)
  object space 1071104K, 99% used [0x0000000080000000,0x00000000c15ac9f0,0x00000000c1600000)
 Metaspace       used 70473K, committed 71936K, reserved 1114112K
  class space    used 7459K, committed 8128K, reserved 1048576K
}
Event: 17.084 GC heap after
{Heap after GC invocations=1294 (full 3):
 PSYoungGen      total 6656K, used 556K [0x00000000d5580000, 0x00000000d5d00000, 0x0000000100000000)
  eden space 5632K, 0% used [0x00000000d5580000,0x00000000d5580000,0x00000000d5b00000)
  from space 1024K, 54% used [0x00000000d5b00000,0x00000000d5b8b3b8,0x00000000d5c00000)
  to   space 1024K, 0% used [0x00000000d5c00000,0x00000000d5c00000,0x00000000d5d00000)
 ParOldGen       total 1071104K, used 1070922K [0x0000000080000000, 0x00000000c1600000, 0x00000000d5580000)
  object space 1071104K, 99% used [0x0000000080000000,0x00000000c15d2ae0,0x00000000c1600000)
 Metaspace       used 70473K, committed 71936K, reserved 1114112K
  class space    used 7459K, committed 8128K, reserved 1048576K
}
Event: 17.092 GC heap before
{Heap before GC invocations=1295 (full 3):
 PSYoungGen      total 6656K, used 6188K [0x00000000d5580000, 0x00000000d5d00000, 0x0000000100000000)
  eden space 5632K, 100% used [0x00000000d5580000,0x00000000d5b00000,0x00000000d5b00000)
  from space 1024K, 54% used [0x00000000d5b00000,0x00000000d5b8b3b8,0x00000000d5c00000)
  to   space 1024K, 0% used [0x00000000d5c00000,0x00000000d5c00000,0x00000000d5d00000)
 ParOldGen       total 1071104K, used 1070922K [0x0000000080000000, 0x00000000c1600000, 0x00000000d5580000)
  object space 1071104K, 99% used [0x0000000080000000,0x00000000c15d2ae0,0x00000000c1600000)
 Metaspace       used 70474K, committed 71936K, reserved 1114112K
  class space    used 7459K, committed 8128K, reserved 1048576K
}
Event: 17.094 GC heap after
{Heap after GC invocations=1295 (full 3):
 PSYoungGen      total 6656K, used 617K [0x00000000d5580000, 0x00000000d5d00000, 0x0000000100000000)
  eden space 5632K, 0% used [0x00000000d5580000,0x00000000d5580000,0x00000000d5b00000)
  from space 1024K, 60% used [0x00000000d5c00000,0x00000000d5c9a5b0,0x00000000d5d00000)
  to   space 1024K, 0% used [0x00000000d5b00000,0x00000000d5b00000,0x00000000d5c00000)
 ParOldGen       total 1072640K, used 1071981K [0x0000000080000000, 0x00000000c1780000, 0x00000000d5580000)
  object space 1072640K, 99% used [0x0000000080000000,0x00000000c16db678,0x00000000c1780000)
 Metaspace       used 70474K, committed 71936K, reserved 1114112K
  class space    used 7459K, committed 8128K, reserved 1048576K
}
Event: 17.099 GC heap before
{Heap before GC invocations=1296 (full 3):
 PSYoungGen      total 6656K, used 6249K [0x00000000d5580000, 0x00000000d5d00000, 0x0000000100000000)
  eden space 5632K, 100% used [0x00000000d5580000,0x00000000d5b00000,0x00000000d5b00000)
  from space 1024K, 60% used [0x00000000d5c00000,0x00000000d5c9a5b0,0x00000000d5d00000)
  to   space 1024K, 0% used [0x00000000d5b00000,0x00000000d5b00000,0x00000000d5c00000)
 ParOldGen       total 1072640K, used 1071981K [0x0000000080000000, 0x00000000c1780000, 0x00000000d5580000)
  object space 1072640K, 99% used [0x0000000080000000,0x00000000c16db678,0x00000000c1780000)
 Metaspace       used 70474K, committed 71936K, reserved 1114112K
  class space    used 7459K, committed 8128K, reserved 1048576K
}
Event: 17.100 GC heap after
{Heap after GC invocations=1296 (full 3):
 PSYoungGen      total 6656K, used 624K [0x00000000d5580000, 0x00000000d5d00000, 0x0000000100000000)
  eden space 5632K, 0% used [0x00000000d5580000,0x00000000d5580000,0x00000000d5b00000)
  from space 1024K, 60% used [0x00000000d5b00000,0x00000000d5b9c220,0x00000000d5c00000)
  to   space 1024K, 0% used [0x00000000d5c00000,0x00000000d5c00000,0x00000000d5d00000)
 ParOldGen       total 1072640K, used 1072438K [0x0000000080000000, 0x00000000c1780000, 0x00000000d5580000)
  object space 1072640K, 99% used [0x0000000080000000,0x00000000c174d908,0x00000000c1780000)
 Metaspace       used 70474K, committed 71936K, reserved 1114112K
  class space    used 7459K, committed 8128K, reserved 1048576K
}
Event: 17.109 GC heap before
{Heap before GC invocations=1297 (full 3):
 PSYoungGen      total 6656K, used 6256K [0x00000000d5580000, 0x00000000d5d00000, 0x0000000100000000)
  eden space 5632K, 100% used [0x00000000d5580000,0x00000000d5b00000,0x00000000d5b00000)
  from space 1024K, 60% used [0x00000000d5b00000,0x00000000d5b9c220,0x00000000d5c00000)
  to   space 1024K, 0% used [0x00000000d5c00000,0x00000000d5c00000,0x00000000d5d00000)
 ParOldGen       total 1072640K, used 1072438K [0x0000000080000000, 0x00000000c1780000, 0x00000000d5580000)
  object space 1072640K, 99% used [0x0000000080000000,0x00000000c174d908,0x00000000c1780000)
 Metaspace       used 70474K, committed 71936K, reserved 1114112K
  class space    used 7459K, committed 8128K, reserved 1048576K
}
Event: 17.110 GC heap after
{Heap after GC invocations=1297 (full 3):
 PSYoungGen      total 6656K, used 718K [0x00000000d5580000, 0x00000000d5d00000, 0x0000000100000000)
  eden space 5632K, 0% used [0x00000000d5580000,0x00000000d5580000,0x00000000d5b00000)
  from space 1024K, 70% used [0x00000000d5c00000,0x00000000d5cb38b0,0x00000000d5d00000)
  to   space 1024K, 0% used [0x00000000d5b00000,0x00000000d5b00000,0x00000000d5c00000)
 ParOldGen       total 1073152K, used 1072770K [0x0000000080000000, 0x00000000c1800000, 0x00000000d5580000)
  object space 1073152K, 99% used [0x0000000080000000,0x00000000c17a08e0,0x00000000c1800000)
 Metaspace       used 70474K, committed 71936K, reserved 1114112K
  class space    used 7459K, committed 8128K, reserved 1048576K
}
Event: 17.123 GC heap before
{Heap before GC invocations=1298 (full 3):
 PSYoungGen      total 6656K, used 6350K [0x00000000d5580000, 0x00000000d5d00000, 0x0000000100000000)
  eden space 5632K, 100% used [0x00000000d5580000,0x00000000d5b00000,0x00000000d5b00000)
  from space 1024K, 70% used [0x00000000d5c00000,0x00000000d5cb38b0,0x00000000d5d00000)
  to   space 1024K, 0% used [0x00000000d5b00000,0x00000000d5b00000,0x00000000d5c00000)
 ParOldGen       total 1073152K, used 1072770K [0x0000000080000000, 0x00000000c1800000, 0x00000000d5580000)
  object space 1073152K, 99% used [0x0000000080000000,0x00000000c17a08e0,0x00000000c1800000)
 Metaspace       used 70479K, committed 71936K, reserved 1114112K
  class space    used 7459K, committed 8128K, reserved 1048576K
}
Event: 17.125 GC heap after
{Heap after GC invocations=1298 (full 3):
 PSYoungGen      total 6656K, used 1006K [0x00000000d5580000, 0x00000000d5f00000, 0x0000000100000000)
  eden space 5632K, 0% used [0x00000000d5580000,0x00000000d5580000,0x00000000d5b00000)
  from space 1024K, 98% used [0x00000000d5b00000,0x00000000d5bfb8f8,0x00000000d5c00000)
  to   space 2048K, 0% used [0x00000000d5d00000,0x00000000d5d00000,0x00000000d5f00000)
 ParOldGen       total 1073664K, used 1073243K [0x0000000080000000, 0x00000000c1880000, 0x00000000d5580000)
  object space 1073664K, 99% used [0x0000000080000000,0x00000000c1816fb8,0x00000000c1880000)
 Metaspace       used 70479K, committed 71936K, reserved 1114112K
  class space    used 7459K, committed 8128K, reserved 1048576K
}
Event: 32.729 GC heap before
{Heap before GC invocations=1299 (full 3):
 PSYoungGen      total 6656K, used 6638K [0x00000000d5580000, 0x00000000d5f00000, 0x0000000100000000)
  eden space 5632K, 100% used [0x00000000d5580000,0x00000000d5b00000,0x00000000d5b00000)
  from space 1024K, 98% used [0x00000000d5b00000,0x00000000d5bfb8f8,0x00000000d5c00000)
  to   space 2048K, 0% used [0x00000000d5d00000,0x00000000d5d00000,0x00000000d5f00000)
 ParOldGen       total 1073664K, used 1073243K [0x0000000080000000, 0x00000000c1880000, 0x00000000d5580000)
  object space 1073664K, 99% used [0x0000000080000000,0x00000000c1816fb8,0x00000000c1880000)
 Metaspace       used 70584K, committed 72128K, reserved 1114112K
  class space    used 7466K, committed 8192K, reserved 1048576K
}
Event: 32.731 GC heap after
{Heap after GC invocations=1299 (full 3):
 PSYoungGen      total 7168K, used 1120K [0x00000000d5580000, 0x00000000d5e80000, 0x0000000100000000)
  eden space 5632K, 0% used [0x00000000d5580000,0x00000000d5580000,0x00000000d5b00000)
  from space 1536K, 72% used [0x00000000d5d00000,0x00000000d5e18000,0x00000000d5e80000)
  to   space 1536K, 0% used [0x00000000d5b80000,0x00000000d5b80000,0x00000000d5d00000)
 ParOldGen       total 1073664K, used 1073475K [0x0000000080000000, 0x00000000c1880000, 0x00000000d5580000)
  object space 1073664K, 99% used [0x0000000080000000,0x00000000c1850fc8,0x00000000c1880000)
 Metaspace       used 70584K, committed 72128K, reserved 1114112K
  class space    used 7466K, committed 8192K, reserved 1048576K
}

